<?xml version="1.0" encoding="UTF-8"?>
<!-- Generated by org.testng.reporters.JUnitReportReporter -->
<testsuite skipped="0" hostname="01HW905602-F4-ODC1-29-APS" name="com.qa.tests.DemoTest" tests="4" failures="0" timestamp="04 Apr 2018 08:59:24 GMT" time="0.007" errors="0">
  <testcase name="mul" time="0.000" classname="com.qa.tests.DemoTest"/>
  <testcase name="sum" time="0.001" classname="com.qa.tests.DemoTest"/>
  <testcase name="div" time="0.006" classname="com.qa.tests.DemoTest"/>
  <testcase name="sub" time="0.000" classname="com.qa.tests.DemoTest"/>
</testsuite> <!-- com.qa.tests.DemoTest -->
